<?xml version="1.0" encoding="UTF-8"?>
<!-- Generated by org.testng.reporters.JUnitReportReporter -->
<testsuite skipped="0" hostname="DESKTOP-GAOM8LM" name="com.webapp.runner.TestRunner" tests="3" failures="2" timestamp="21 Sep 2020 09:55:25 GMT" time="73.014" errors="0">
  <testcase name="runScenario" time="24.086" classname="com.webapp.runner.TestRunner">
    <failure type="java.lang.AssertionError" message="lists don&#039;t have the same size expected [6] but found [0]">
      <![CDATA[java.lang.AssertionError: lists don't have the same size expected [6] but found [0]
	at org.testng.Assert.fail(Assert.java:93)
	at org.testng.Assert.failNotEquals(Assert.java:512)
	at org.testng.Assert.assertEqualsImpl(Assert.java:134)
	at org.testng.Assert.assertEquals(Assert.java:115)
	at org.testng.Assert.assertEquals(Assert.java:388)
	at org.testng.Assert.assertEquals(Assert.java:555)
	at org.testng.Assert.assertEquals(Assert.java:532)
	at com.webapp.steps.OrangeSteps.the_user_verifies_labels_on_it(OrangeSteps.java:73)
	at ✽.the user verifies labels on it(file:///C:/eclipse/moblie%20automation/CucumberBDDMay2020-master/./src/main/java/com/webapp/features/login.feature:23)
]]>
    </failure>
  </testcase> <!-- runScenario -->
  <testcase name="runScenario" time="0.162" classname="com.webapp.runner.TestRunner">
    <failure type="java.lang.AssertionError" message="expected [Welcome Admin] but found [Welcome Linda]">
      <![CDATA[java.lang.AssertionError: expected [Welcome Admin] but found [Welcome Linda]
	at org.testng.Assert.fail(Assert.java:93)
	at org.testng.Assert.failNotEquals(Assert.java:512)
	at org.testng.Assert.assertEqualsImpl(Assert.java:134)
	at org.testng.Assert.assertEquals(Assert.java:115)
	at org.testng.Assert.assertEquals(Assert.java:189)
	at org.testng.Assert.assertEquals(Assert.java:199)
	at com.webapp.pages.HomePage.validateWelcome(HomePage.java:31)
	at com.webapp.steps.OrangeSteps.the_user_verifies_the_label_on_it(OrangeSteps.java:59)
	at ✽.the user verifies the "Welcome Admin" label on it.(file:///C:/eclipse/moblie%20automation/CucumberBDDMay2020-master/./src/main/java/com/webapp/features/login.feature:14)
]]>
    </failure>
  </testcase> <!-- runScenario -->
  <testcase name="runScenario" time="48.766" classname="com.webapp.runner.TestRunner"/>
</testsuite> <!-- com.webapp.runner.TestRunner -->
